<?xml version="1.0" encoding="UTF-8"?>
<!-- Generated by org.testng.reporters.JUnitReportReporter -->
<testsuite hostname="DESKTOP-1Q7B79B" failures="0" tests="1" name="testCases.TC_001_LoginPage" time="8.925" errors="0" timestamp="2023-09-11T16:15:02 IST" skipped="0">
  <testcase classname="testCases.TC_001_LoginPage" name="test_account_login" time="8.925"/>
</testsuite> <!-- testCases.TC_001_LoginPage -->
