<?xml version="1.0" encoding="UTF-8"?>
<!-- Generated by org.testng.reporters.JUnitReportReporter -->
<testsuite hostname="DESKTOP-1Q7B79B" failures="0" tests="1" name="testCases.TC_003_RegisterPage" time="41.009" errors="0" timestamp="2023-07-12T17:54:33 IST" skipped="0">
  <testcase classname="testCases.TC_003_RegisterPage" name="test_account_register" time="41.009"/>
</testsuite> <!-- testCases.TC_003_RegisterPage -->
